<?xml version="1.0" encoding="UTF-8"?>
<testng-results ignored="0" total="2" passed="2" failed="0" skipped="0">
  <reporter-output>
  </reporter-output>
  <suite started-at="2023-06-10T23:08:00 EDT" name="Default suite" finished-at="2023-06-10T23:08:54 EDT" duration-ms="54769">
    <groups>
    </groups>
    <test started-at="2023-06-10T23:08:00 EDT" name="Default test" finished-at="2023-06-10T23:08:54 EDT" duration-ms="54769">
      <class name="test.KamolTest">
        <test-method is-config="true" signature="home()[pri:0, instance:test.KamolTest@60bd273d]" started-at="2023-06-10T23:08:00 EDT" name="home" finished-at="2023-06-10T23:08:05 EDT" duration-ms="5111" status="PASS">
          <reporter-output>
          </reporter-output>
        </test-method> <!-- home -->
        <test-method signature="verifyCartPageAfterAddingAndNavigateToCartPage()[pri:0, instance:test.KamolTest@60bd273d]" started-at="2023-06-10T23:08:05 EDT" name="verifyCartPageAfterAddingAndNavigateToCartPage" finished-at="2023-06-10T23:08:54 EDT" duration-ms="49392" status="PASS">
          <reporter-output>
          </reporter-output>
        </test-method> <!-- verifyCartPageAfterAddingAndNavigateToCartPage -->
        <test-method signature="verifySubTotal()[pri:0, instance:test.KamolTest@60bd273d]" started-at="2023-06-10T23:08:54 EDT" name="verifySubTotal" finished-at="2023-06-10T23:08:54 EDT" depends-on-methods="test.KamolTest.verifyCartPageAfterAddingAndNavigateToCartPage" duration-ms="54" status="PASS">
          <reporter-output>
          </reporter-output>
        </test-method> <!-- verifySubTotal -->
        <test-method is-config="true" signature="close()[pri:0, instance:test.KamolTest@60bd273d]" started-at="2023-06-10T23:08:54 EDT" name="close" finished-at="2023-06-10T23:08:54 EDT" duration-ms="181" status="PASS">
          <reporter-output>
          </reporter-output>
        </test-method> <!-- close -->
      </class> <!-- test.KamolTest -->
    </test> <!-- Default test -->
  </suite> <!-- Default suite -->
</testng-results>
